2018-03-15 14:09:09 INFO  [main]: Date string 22.11.1977 received.
2018-03-15 14:09:09 INFO  [main]: Validation proceed.
2018-03-15 14:09:09 INFO  [main]: Validation successful!
2018-03-15 14:09:09 INFO  [main]: Trying to discover the week of the day.
2018-03-15 14:09:09 INFO  [main]: The day of the week for 22.11.1977 date is tuesday.
2018-03-15 14:13:29 INFO  [main]: Date string 22.11.1977 received.
2018-03-15 14:13:29 INFO  [main]: Validation proceed.
2018-03-15 14:13:29 INFO  [main]: Validation successful!
2018-03-15 14:13:29 INFO  [main]: Trying to discover the week of the day.
2018-03-15 14:13:29 INFO  [main]: The day of the week for 22.11.1977 date is tuesday.
2018-03-15 14:44:55 INFO  [main]: Date string 22.11.1977 received.
2018-03-15 14:44:55 INFO  [main]: Validation proceed.
2018-03-15 14:44:55 INFO  [main]: Validation successful!
2018-03-15 14:44:55 INFO  [main]: Trying to discover the week of the day.
2018-03-15 14:44:55 INFO  [main]: The day of the week for 22.11.1977 date is tuesday.
2018-03-15 14:48:22 INFO  [main]: Date string 22.11.1977 received.
2018-03-15 14:48:22 INFO  [main]: Validation proceed.
2018-03-15 14:48:22 INFO  [main]: Validation successful!
2018-03-15 14:48:22 INFO  [main]: Trying to discover the week of the day.
2018-03-15 14:48:22 INFO  [main]: The day of the week for 22.11.1977 date is tuesday.
2018-03-15 15:05:28 INFO  [main]: Date string 22.11.1977 received.
2018-03-15 15:05:28 INFO  [main]: Validation proceed.
2018-03-15 15:05:28 INFO  [main]: Validation successful!
2018-03-15 15:05:28 INFO  [main]: Trying to discover the week of the day.
2018-03-15 15:05:28 INFO  [main]: The day of the week for 22.11.1977 date is tuesday.
2018-03-15 15:17:23 INFO  [main]: Date string 22.11.1977 received.
2018-03-15 15:17:23 INFO  [main]: Validation proceed.
2018-03-15 15:17:23 INFO  [main]: Validation successful!
2018-03-15 15:17:23 INFO  [main]: Trying to discover the week of the day.
2018-03-15 15:17:23 INFO  [main]: The day of the week for 22.11.1977 date is tuesday.
2018-03-15 15:33:40 INFO  [main]: Date string 22.11.1977 received.
2018-03-15 15:33:40 INFO  [main]: Validation proceed.
2018-03-15 15:33:40 INFO  [main]: Your date is valid, please wait...!
2018-03-15 15:33:40 INFO  [main]: Trying to discover the week of the day.
2018-03-15 15:33:40 INFO  [main]: The day of the week for 22.11.1977 date is tuesday.
2018-03-15 15:33:52 INFO  [main]: Date string 22.11.1977 received.
2018-03-15 15:33:52 INFO  [main]: Validation proceed.
2018-03-15 15:33:52 INFO  [main]: Your date is valid, please wait...
2018-03-15 15:33:52 INFO  [main]: Trying to discover the week of the day.
2018-03-15 15:33:52 INFO  [main]: The day of the week for 22.11.1977 date is tuesday.
2018-03-15 15:34:50 INFO  [main]: Date string 22.11.1977 received.
2018-03-15 15:34:50 INFO  [main]: Validation started.
2018-03-15 15:34:50 INFO  [main]: Your date is valid, please wait...
2018-03-15 15:34:50 INFO  [main]: Trying to discover the week of the day.
2018-03-15 15:34:50 INFO  [main]: The day of the week for 22.11.1977 date is tuesday.
2018-03-15 15:35:11 INFO  [main]: Date string 22.11.1977 received.
2018-03-15 15:35:11 INFO  [main]: Validation started.
2018-03-15 15:35:11 INFO  [main]: Your date is valid, please wait...
2018-03-15 15:35:11 INFO  [main]: Discovering the week of the day.
2018-03-15 15:35:11 INFO  [main]: The day of the week for 22.11.1977 date is tuesday.
2018-03-15 15:35:25 INFO  [main]: Date string 22.11.1977 received.
2018-03-15 15:35:25 INFO  [main]: Validation started...
2018-03-15 15:35:25 INFO  [main]: Your date is valid, please wait...
2018-03-15 15:35:25 INFO  [main]: Discovering the week of the day...
2018-03-15 15:35:25 INFO  [main]: The day of the week for 22.11.1977 date is tuesday.
2018-03-15 15:44:06 INFO  [main]: Date string 22.11.1977 received.
2018-03-15 15:44:06 INFO  [main]: Validation started...
2018-03-15 15:44:06 INFO  [main]: Your date is valid, please wait...
2018-03-15 15:44:06 INFO  [main]: Discovering the week of the day...
2018-03-15 15:44:06 INFO  [main]: The day of the week for 22.11.1977 date is tuesday.
2018-03-15 16:17:46 INFO  [main]: Date string 22.11.1977 received.
2018-03-15 16:17:46 INFO  [main]: Validation started...
2018-03-15 16:17:46 INFO  [main]: Your date is valid, please wait...
2018-03-15 16:17:46 INFO  [main]: Discovering the week of the day...
2018-03-15 16:17:46 INFO  [main]: The day of the week for 22.11.1977 date is tuesday.
2018-03-16 00:08:39 INFO  [main]: Date string 22.11.1977 received.
2018-03-16 00:08:39 INFO  [main]: Validation started...
2018-03-16 00:08:39 INFO  [main]: Your date is valid, please wait...
2018-03-16 00:08:39 INFO  [main]: Discovering the week of the day...
2018-03-16 00:08:39 INFO  [main]: The day of the week for 22.11.1977 date is tuesday.
2018-03-16 00:10:53 INFO  [main]: Date string 22.11.1977 received.
2018-03-16 00:10:53 INFO  [main]: Validation started...
2018-03-16 00:10:53 INFO  [main]: Your date is valid, please wait...
2018-03-16 00:10:53 INFO  [main]: Discovering the week of the day...
2018-03-16 00:10:53 INFO  [main]: The day of the week for 22.11.1977 date is tuesday.
2018-03-16 00:11:53 INFO  [main]: Date string 22.11.1977 received.
2018-03-16 00:11:53 INFO  [main]: Validation started...
2018-03-16 00:11:53 INFO  [main]: Your date is valid, please wait...
2018-03-16 00:11:53 INFO  [main]: Discovering the week of the day...
2018-03-16 00:11:53 INFO  [main]: The day of the week for 22.11.1977 date is tuesday.
2018-03-16 00:12:52 INFO  [main]: Date string 22.11.1977 received.
2018-03-16 00:12:52 INFO  [main]: Validation started...
2018-03-16 00:12:52 INFO  [main]: Your date is valid, please wait...
2018-03-16 00:12:52 INFO  [main]: Discovering the week of the day...
2018-03-16 00:12:52 INFO  [main]: The day of the week for 22.11.1977 date is tuesday.
2018-03-16 00:19:40 INFO  [main]: Date string 22.11.1977 received.
2018-03-16 00:19:40 INFO  [main]: Validation started...
2018-03-16 00:19:40 INFO  [main]: Your date is valid, please wait...
2018-03-16 00:19:40 INFO  [main]: Discovering the week of the day...
2018-03-16 00:19:40 INFO  [main]: The day of the week for 22.11.1977 date is tuesday.
2018-03-16 00:20:27 INFO  [main]: Date string 22.11.1977 received.
2018-03-16 00:20:27 INFO  [main]: Validation started...
2018-03-16 00:20:27 INFO  [main]: Your date is valid, please wait...
2018-03-16 00:20:27 INFO  [main]: Discovering the week of the day...
2018-03-16 00:20:27 INFO  [main]: The day of the week for 22.11.1977 date is tuesday.
2018-03-16 10:34:14 INFO  [main]: Date string 22.11.1977 received.
2018-03-16 10:34:14 INFO  [main]: Validation started...
2018-03-16 10:34:14 INFO  [main]: Your date is valid, please wait...
2018-03-16 10:34:14 INFO  [main]: Discovering the week of the day...
2018-03-16 10:34:14 INFO  [main]: The day of the week for 22.11.1977 date is tuesday.
2018-03-16 10:35:42 INFO  [main]: Date string 22.11.1977 received.
2018-03-16 10:35:42 INFO  [main]: Validation started...
2018-03-16 10:35:42 INFO  [main]: Your date is valid, please wait...
2018-03-16 10:35:42 INFO  [main]: Discovering the week of the day...
2018-03-16 10:35:42 INFO  [main]: The day of the week for 22.11.1977 date is tuesday.
2018-03-16 10:38:09 INFO  [main]: Date string 22.11.1977 received.
2018-03-16 10:38:09 INFO  [main]: Validation started...
2018-03-16 10:38:09 INFO  [main]: Your date is valid, please wait...
2018-03-16 10:38:09 INFO  [main]: Discovering the week of the day...
2018-03-16 10:38:09 INFO  [main]: The day of the week for 22.11.1977 date is tuesday.
2018-03-16 10:46:23 INFO  [main]: Date string 22.11.1977 received.
2018-03-16 10:46:23 INFO  [main]: Validation started...
2018-03-16 10:46:23 INFO  [main]: Your date is valid, please wait...
2018-03-16 10:46:23 INFO  [main]: Discovering the week of the day...
2018-03-16 10:46:23 INFO  [main]: The day of the week for 22.11.1977 date is tuesday.
2018-03-16 10:48:02 INFO  [main]: Date string 22.11.1977 received.
2018-03-16 10:48:02 INFO  [main]: Validation started...
2018-03-16 10:48:02 INFO  [main]: Your date is valid, please wait...
2018-03-16 10:48:02 INFO  [main]: Discovering the week of the day...
2018-03-16 10:48:02 INFO  [main]: The day of the week for 22.11.1977 date is tuesday.
2018-03-16 11:41:33 INFO  [main]: Date string 22.11.1977 received.
2018-03-16 11:41:33 INFO  [main]: Validation started...
2018-03-16 11:41:33 INFO  [main]: Your date is valid, please wait...
2018-03-16 11:41:33 INFO  [main]: Discovering the week of the day...
2018-03-16 11:41:33 INFO  [main]: The day of the week for 22.11.1977 date is tuesday.
2018-03-16 12:02:45 INFO  [main]: Date string 22.11.1977 received.
2018-03-16 12:02:45 INFO  [main]: Validation started...
2018-03-16 12:02:45 INFO  [main]: Your date is valid, please wait...
2018-03-16 12:02:45 INFO  [main]: Discovering the week of the day...
2018-03-16 12:02:45 INFO  [main]: The day of the week for 22.11.1977 date is tuesday.
2018-03-16 12:02:55 INFO  [main]: Date string 22.11.1977 received.
2018-03-16 12:02:55 INFO  [main]: Validation started...
2018-03-16 12:02:55 INFO  [main]: Your date is valid, please wait...
2018-03-16 12:02:55 INFO  [main]: Discovering the week of the day...
2018-03-16 12:02:55 INFO  [main]: The day of the week for 22.11.1977 date is tuesday.
2018-03-16 12:03:03 INFO  [main]: Date string 22.11.1977 received.
2018-03-16 12:03:03 INFO  [main]: Validation started...
2018-03-16 12:03:03 INFO  [main]: Your date is valid, please wait...
2018-03-16 12:03:03 INFO  [main]: Discovering the week of the day...
2018-03-16 12:03:03 INFO  [main]: The day of the week for 22.11.1977 date is tuesday.
2018-03-16 12:03:35 INFO  [main]: Date string 22.11.1977 received.
2018-03-16 12:03:35 INFO  [main]: Validation started...
2018-03-16 12:03:35 INFO  [main]: Your date is valid, please wait...
2018-03-16 12:03:35 INFO  [main]: Discovering the week of the day...
2018-03-16 12:03:35 INFO  [main]: The day of the week for 22.11.1977 date is tuesday.
2018-03-16 12:04:20 INFO  [main]: Date string 22.11.1977 received.
2018-03-16 12:04:20 INFO  [main]: Validation started...
2018-03-16 12:04:20 INFO  [main]: Your date is valid, please wait...
2018-03-16 12:04:20 INFO  [main]: Discovering the week of the day...
2018-03-16 12:04:20 INFO  [main]: The day of the week for 22.11.1977 date is tuesday.
2018-03-16 12:05:38 INFO  [main]: Date string 22.11.1977 received.
2018-03-16 12:05:38 INFO  [main]: Validation started...
2018-03-16 12:05:38 INFO  [main]: Your date is valid, please wait...
2018-03-16 12:05:38 INFO  [main]: Discovering the week of the day...
2018-03-16 12:05:38 INFO  [main]: The day of the week for 22.11.1977 date is tuesday.
2018-03-16 12:14:30 INFO  [main]: Date string 22.11.1977 received.
2018-03-16 12:14:30 INFO  [main]: Validation started...
2018-03-16 12:14:30 INFO  [main]: Your date is valid, please wait...
2018-03-16 12:14:30 INFO  [main]: Discovering the week of the day...
2018-03-16 12:14:30 INFO  [main]: The day of the week for 22.11.1977 date is tuesday.
2018-03-16 12:16:02 INFO  [main]: Date string 22.11.1977 received.
2018-03-16 12:16:02 INFO  [main]: Validation started...
2018-03-16 12:16:02 INFO  [main]: Your date is valid, please wait...
2018-03-16 12:16:02 INFO  [main]: Discovering the week of the day...
2018-03-16 12:16:02 INFO  [main]: The day of the week for 22.11.1977 date is tuesday.
2018-03-16 12:34:38 INFO  [main]: Date string 22.11.1977 received.
2018-03-16 12:34:38 INFO  [main]: Validation started...
2018-03-16 12:34:38 INFO  [main]: Your date is valid, please wait...
2018-03-16 12:34:38 INFO  [main]: Discovering the week of the day...
2018-03-16 12:34:38 INFO  [main]: The day of the week for 22.11.1977 date is tuesday.
2018-03-16 12:34:55 INFO  [main]: Date string 22.11.1977 received.
2018-03-16 12:34:55 INFO  [main]: Validation started...
2018-03-16 12:34:55 INFO  [main]: Your date is valid, please wait...
2018-03-16 12:34:55 INFO  [main]: Discovering the week of the day...
2018-03-16 12:34:55 INFO  [main]: The day of the week for 22.11.1977 date is tuesday.
2018-03-16 13:24:55 INFO  [main]: Date string 22.11.1977 received.
2018-03-16 13:24:55 INFO  [main]: Validation started...
2018-03-16 13:24:55 INFO  [main]: Your date is valid, please wait...
2018-03-16 13:24:55 INFO  [main]: Discovering the week of the day...
2018-03-16 13:24:55 INFO  [main]: The day of the week for 22.11.1977 date is tuesday.
